{"C:\\Users\\inshg\\OneDrive\\Desktop\\namaste-react\\src\\components\\Contact.js": {"path":"C:\\Users\\inshg\\OneDrive\\Desktop\\namaste-react\\src\\components\\Contact.js","statementMap":{"0":{"start":{"line":1,"column":16},"end":{"line":12,"column":1}},"1":{"start":{"line":2,"column":2},"end":{"line":11,"column":4}}},"fnMap":{"0":{"name":"(anonymous_0)","decl":{"start":{"line":1,"column":16},"end":{"line":1,"column":17}},"loc":{"start":{"line":1,"column":21},"end":{"line":12,"column":1}},"line":1}},"branchMap":{},"s":{"0":1,"1":3},"f":{"0":3},"b":{},"_coverageSchema":"1a1c01bbd47fc00a2c39e90264f33305004495a9","hash":"59532b2ae0f8c834a6079c924f923121269d085b"}
,"C:\\Users\\inshg\\OneDrive\\Desktop\\namaste-react\\src\\components\\Header.js": {"path":"C:\\Users\\inshg\\OneDrive\\Desktop\\namaste-react\\src\\components\\Header.js","statementMap":{"0":{"start":{"line":7,"column":15},"end":{"line":53,"column":1}},"1":{"start":{"line":8,"column":32},"end":{"line":8,"column":49}},"2":{"start":{"line":10,"column":20},"end":{"line":10,"column":60}},"3":{"start":{"line":10,"column":43},"end":{"line":10,"column":59}},"4":{"start":{"line":12,"column":2},"end":{"line":52,"column":4}},"5":{"start":{"line":41,"column":16},"end":{"line":43,"column":40}}},"fnMap":{"0":{"name":"(anonymous_0)","decl":{"start":{"line":7,"column":15},"end":{"line":7,"column":16}},"loc":{"start":{"line":7,"column":21},"end":{"line":53,"column":1}},"line":7},"1":{"name":"(anonymous_1)","decl":{"start":{"line":10,"column":32},"end":{"line":10,"column":33}},"loc":{"start":{"line":10,"column":43},"end":{"line":10,"column":59}},"line":10},"2":{"name":"(anonymous_2)","decl":{"start":{"line":40,"column":23},"end":{"line":40,"column":24}},"loc":{"start":{"line":40,"column":29},"end":{"line":44,"column":15}},"line":40}},"branchMap":{"0":{"loc":{"start":{"line":20,"column":28},"end":{"line":20,"column":59}},"type":"cond-expr","locations":[{"start":{"line":20,"column":48},"end":{"line":20,"column":52}},{"start":{"line":20,"column":55},"end":{"line":20,"column":59}}],"line":20},"1":{"loc":{"start":{"line":41,"column":16},"end":{"line":43,"column":39}},"type":"cond-expr","locations":[{"start":{"line":42,"column":20},"end":{"line":42,"column":40}},{"start":{"line":43,"column":20},"end":{"line":43,"column":39}}],"line":41}},"s":{"0":1,"1":4,"2":4,"3":7,"4":4,"5":1},"f":{"0":4,"1":7,"2":1},"b":{"0":[4,0],"1":[1,0]},"_coverageSchema":"1a1c01bbd47fc00a2c39e90264f33305004495a9","hash":"98962906ef25fe1df6f405ae9af25dc134b91224"}
,"C:\\Users\\inshg\\OneDrive\\Desktop\\namaste-react\\src\\components\\sum.js": {"path":"C:\\Users\\inshg\\OneDrive\\Desktop\\namaste-react\\src\\components\\sum.js","statementMap":{"0":{"start":{"line":1,"column":19},"end":{"line":1,"column":33}},"1":{"start":{"line":1,"column":28},"end":{"line":1,"column":33}}},"fnMap":{"0":{"name":"(anonymous_0)","decl":{"start":{"line":1,"column":19},"end":{"line":1,"column":20}},"loc":{"start":{"line":1,"column":28},"end":{"line":1,"column":33}},"line":1}},"branchMap":{},"s":{"0":1,"1":1},"f":{"0":1},"b":{},"_coverageSchema":"1a1c01bbd47fc00a2c39e90264f33305004495a9","hash":"16ccd99e81d34dfff027e37343228c5ed812a156"}
,"C:\\Users\\inshg\\OneDrive\\Desktop\\namaste-react\\src\\utils\\appStore.js": {"path":"C:\\Users\\inshg\\OneDrive\\Desktop\\namaste-react\\src\\utils\\appStore.js","statementMap":{"0":{"start":{"line":5,"column":17},"end":{"line":9,"column":2}}},"fnMap":{},"branchMap":{},"s":{"0":1},"f":{},"b":{},"_coverageSchema":"1a1c01bbd47fc00a2c39e90264f33305004495a9","hash":"521aafc2899c3501422f73066bb89389ab8efb1f"}
,"C:\\Users\\inshg\\OneDrive\\Desktop\\namaste-react\\src\\utils\\cartSlice.js": {"path":"C:\\Users\\inshg\\OneDrive\\Desktop\\namaste-react\\src\\utils\\cartSlice.js","statementMap":{"0":{"start":{"line":3,"column":18},"end":{"line":23,"column":2}},"1":{"start":{"line":11,"column":6},"end":{"line":11,"column":39}},"2":{"start":{"line":15,"column":6},"end":{"line":15,"column":24}},"3":{"start":{"line":19,"column":6},"end":{"line":19,"column":23}},"4":{"start":{"line":25,"column":46},"end":{"line":25,"column":63}}},"fnMap":{"0":{"name":"(anonymous_0)","decl":{"start":{"line":9,"column":13},"end":{"line":9,"column":14}},"loc":{"start":{"line":9,"column":31},"end":{"line":12,"column":5}},"line":9},"1":{"name":"(anonymous_1)","decl":{"start":{"line":13,"column":16},"end":{"line":13,"column":17}},"loc":{"start":{"line":13,"column":27},"end":{"line":16,"column":5}},"line":13},"2":{"name":"(anonymous_2)","decl":{"start":{"line":17,"column":15},"end":{"line":17,"column":16}},"loc":{"start":{"line":17,"column":26},"end":{"line":21,"column":5}},"line":17}},"branchMap":{},"s":{"0":1,"1":0,"2":0,"3":0,"4":1},"f":{"0":0,"1":0,"2":0},"b":{},"_coverageSchema":"1a1c01bbd47fc00a2c39e90264f33305004495a9","hash":"8f09c1201e9aff83978e35a0c5c2a80d865bfe4b"}
,"C:\\Users\\inshg\\OneDrive\\Desktop\\namaste-react\\src\\utils\\constants.js": {"path":"C:\\Users\\inshg\\OneDrive\\Desktop\\namaste-react\\src\\utils\\constants.js","statementMap":{"0":{"start":{"line":2,"column":24},"end":{"line":2,"column":220}},"1":{"start":{"line":4,"column":23},"end":{"line":4,"column":77}},"2":{"start":{"line":6,"column":35},"end":{"line":6,"column":108}},"3":{"start":{"line":8,"column":24},"end":{"line":8,"column":75}}},"fnMap":{},"branchMap":{},"s":{"0":1,"1":1,"2":1,"3":1},"f":{},"b":{},"_coverageSchema":"1a1c01bbd47fc00a2c39e90264f33305004495a9","hash":"94175225e480597b73b173c48157724bb3437c77"}
,"C:\\Users\\inshg\\OneDrive\\Desktop\\namaste-react\\src\\utils\\useOnlineStatus.js": {"path":"C:\\Users\\inshg\\OneDrive\\Desktop\\namaste-react\\src\\utils\\useOnlineStatus.js","statementMap":{"0":{"start":{"line":4,"column":24},"end":{"line":18,"column":1}},"1":{"start":{"line":5,"column":41},"end":{"line":5,"column":55}},"2":{"start":{"line":8,"column":2},"end":{"line":15,"column":8}},"3":{"start":{"line":9,"column":4},"end":{"line":11,"column":7}},"4":{"start":{"line":10,"column":6},"end":{"line":10,"column":29}},"5":{"start":{"line":12,"column":4},"end":{"line":14,"column":7}},"6":{"start":{"line":13,"column":6},"end":{"line":13,"column":28}},"7":{"start":{"line":17,"column":2},"end":{"line":17,"column":22}}},"fnMap":{"0":{"name":"(anonymous_0)","decl":{"start":{"line":4,"column":24},"end":{"line":4,"column":25}},"loc":{"start":{"line":4,"column":30},"end":{"line":18,"column":1}},"line":4},"1":{"name":"(anonymous_1)","decl":{"start":{"line":8,"column":12},"end":{"line":8,"column":13}},"loc":{"start":{"line":8,"column":16},"end":{"line":15,"column":3}},"line":8},"2":{"name":"(anonymous_2)","decl":{"start":{"line":9,"column":38},"end":{"line":9,"column":39}},"loc":{"start":{"line":9,"column":44},"end":{"line":11,"column":5}},"line":9},"3":{"name":"(anonymous_3)","decl":{"start":{"line":12,"column":37},"end":{"line":12,"column":38}},"loc":{"start":{"line":12,"column":43},"end":{"line":14,"column":5}},"line":12}},"branchMap":{},"s":{"0":1,"1":4,"2":4,"3":3,"4":0,"5":3,"6":0,"7":4},"f":{"0":4,"1":3,"2":0,"3":0},"b":{},"_coverageSchema":"1a1c01bbd47fc00a2c39e90264f33305004495a9","hash":"fee84e9fd289d6ac1e35dd363b167be19ec6258f"}
}
